<?xml version="1.0" encoding="UTF-8"?>
<testsuites name="A" time="61" tests="5" failures="0" errors="0">
   <testsuite name="A" tests="5" failures="0" errors="0" time="61" timestamp="2019-03-26 07:26:22" hostname="hlebshulhin - 10.0.1.3" id="Test Suites/A">
      <properties>
         <property name="deviceName" value=""/>
         <property name="devicePlatform" value=""/>
         <property name="logFolder" value="/Users/hlebshulhin/Katalon Studio/API Demo Project 1/Reports/A/20190326_072615"/>
         <property name="logFiles" value="/Users/hlebshulhin/Katalon Studio/API Demo Project 1/Reports/A/20190326_072615/execution0.log"/>
         <property name="attachments" value=""/>
         <property name="hostName" value="hlebshulhin - 10.0.1.3"/>
         <property name="hostAddress" value="10.0.1.3"/>
         <property name="os" value="Mac OS X 64bit"/>
         <property name="katalonVersion" value="6.1.0.1"/>
      </properties>
      <testcase name="Test Cases/TestHTTPMethods" classname="Test Cases/TestHTTPMethods" status="PASSED">
         <system-out><![CDATA[2019-03-26 07:26:22 - [TEST_CASE][PASSED] - Test Cases/TestHTTPMethods: Test Cases/TestHTTPMethods

2019-03-26 07:26:22 - [TEST_STEP][PASSED] - sendRequestAndVerify(findTestObject("UserRestService/DeleteUser")): Send request and verify the response successfully

2019-03-26 07:26:24 - [TEST_CASE][PASSED] - Start Test Case : Verification: Verification accomplished successfully

2019-03-26 07:26:25 - [TEST_STEP][PASSED] - request = getInstance().getCurrentRequest(): null

2019-03-26 07:26:25 - [TEST_STEP][PASSED] - response = getInstance().getCurrentResponse(): null

2019-03-26 07:26:25 - [MESSAGE][PASSED] - Verify response successfully

2019-03-26 07:26:25 - [MESSAGE][PASSED] - Send request and verify the response successfully

2019-03-26 07:26:25 - [TEST_STEP][PASSED] - sendRequestAndVerify(findTestObject("UserRestService/CreateUser")): Send request and verify the response successfully

2019-03-26 07:26:27 - [TEST_CASE][PASSED] - Start Test Case : Verification: Verification accomplished successfully

2019-03-26 07:26:27 - [TEST_STEP][PASSED] - request = getInstance().getCurrentRequest(): null

2019-03-26 07:26:27 - [TEST_STEP][PASSED] - response = getInstance().getCurrentResponse(): null

2019-03-26 07:26:27 - [MESSAGE][PASSED] - Verify response successfully

2019-03-26 07:26:27 - [MESSAGE][PASSED] - Send request and verify the response successfully

2019-03-26 07:26:27 - [TEST_STEP][PASSED] - sendRequestAndVerify(findTestObject("UserRestService/ListUsers")): Send request and verify the response successfully

2019-03-26 07:26:29 - [TEST_CASE][PASSED] - Start Test Case : Verification: Verification accomplished successfully

2019-03-26 07:26:29 - [TEST_STEP][PASSED] - request = getInstance().getCurrentRequest(): null

2019-03-26 07:26:29 - [TEST_STEP][PASSED] - response = getInstance().getCurrentResponse(): null

2019-03-26 07:26:29 - [TEST_STEP][PASSED] - verifyElementPropertyValue(response, "data[1].first_name", "Charles"): Verify element property value successfully

2019-03-26 07:26:29 - [MESSAGE][PASSED] - Verify element property value successfully

2019-03-26 07:26:29 - [TEST_STEP][PASSED] - verifyResponseStatusCode(response, 200): Verify response status code successfully

2019-03-26 07:26:29 - [MESSAGE][PASSED] - Verify response status code successfully

2019-03-26 07:26:29 - [TEST_STEP][PASSED] - getStatusCode()).isEqualTo(200): null

2019-03-26 07:26:29 - [TEST_STEP][PASSED] - verifyElementPropertyValue(response, "data[2].id", 6): Verify element property value successfully

2019-03-26 07:26:29 - [MESSAGE][PASSED] - Verify element property value successfully

2019-03-26 07:26:29 - [MESSAGE][PASSED] - Verify response successfully

2019-03-26 07:26:29 - [MESSAGE][PASSED] - Send request and verify the response successfully

2019-03-26 07:26:29 - [TEST_STEP][PASSED] - sendRequestAndVerify(findTestObject("UserRestService/UpdateUser")): Send request and verify the response successfully

2019-03-26 07:26:30 - [TEST_CASE][PASSED] - Start Test Case : Verification: Verification accomplished successfully

2019-03-26 07:26:30 - [TEST_STEP][PASSED] - request = getInstance().getCurrentRequest(): null

2019-03-26 07:26:30 - [TEST_STEP][PASSED] - response = getInstance().getCurrentResponse(): null

2019-03-26 07:26:30 - [MESSAGE][PASSED] - Verify response successfully

2019-03-26 07:26:30 - [MESSAGE][PASSED] - Send request and verify the response successfully]]></system-out>
         <system-err><![CDATA[]]></system-err>
      </testcase>
      <testcase name="Test Cases/GetBankDetails" classname="Test Cases/GetBankDetails" status="PASSED">
         <system-out><![CDATA[2019-03-26 07:26:30 - [TEST_CASE][PASSED] - Test Cases/GetBankDetails: Test Cases/GetBankDetails

2019-03-26 07:26:30 - [TEST_STEP][PASSED] - sendRequest(findTestObject("SOAP/getBank")): Send request successfully

2019-03-26 07:26:30 - [MESSAGE][INFO] - HAR: /Users/hlebshulhin/Katalon Studio/API Demo Project 1/Reports/A/20190326_072615/requests/main/0.har

2019-03-26 07:26:30 - [MESSAGE][PASSED] - Send request successfully]]></system-out>
         <system-err><![CDATA[]]></system-err>
      </testcase>
      <testcase name="Test Cases/TestHTTPMethods" classname="Test Cases/TestHTTPMethods" status="PASSED">
         <system-out><![CDATA[2019-03-26 07:26:30 - [TEST_CASE][PASSED] - Test Cases/TestHTTPMethods: Test Cases/TestHTTPMethods

2019-03-26 07:26:30 - [TEST_STEP][PASSED] - sendRequestAndVerify(findTestObject("UserRestService/DeleteUser")): Send request and verify the response successfully

2019-03-26 07:26:52 - [TEST_CASE][PASSED] - Start Test Case : Verification: Verification accomplished successfully

2019-03-26 07:26:53 - [TEST_STEP][PASSED] - request = getInstance().getCurrentRequest(): null

2019-03-26 07:26:53 - [TEST_STEP][PASSED] - response = getInstance().getCurrentResponse(): null

2019-03-26 07:26:53 - [MESSAGE][PASSED] - Verify response successfully

2019-03-26 07:26:53 - [MESSAGE][PASSED] - Send request and verify the response successfully

2019-03-26 07:26:53 - [TEST_STEP][PASSED] - sendRequestAndVerify(findTestObject("UserRestService/CreateUser")): Send request and verify the response successfully

2019-03-26 07:27:10 - [TEST_CASE][PASSED] - Start Test Case : Verification: Verification accomplished successfully

2019-03-26 07:27:10 - [TEST_STEP][PASSED] - request = getInstance().getCurrentRequest(): null

2019-03-26 07:27:10 - [TEST_STEP][PASSED] - response = getInstance().getCurrentResponse(): null

2019-03-26 07:27:10 - [MESSAGE][PASSED] - Verify response successfully

2019-03-26 07:27:10 - [MESSAGE][PASSED] - Send request and verify the response successfully

2019-03-26 07:27:10 - [TEST_STEP][PASSED] - sendRequestAndVerify(findTestObject("UserRestService/ListUsers")): Send request and verify the response successfully

2019-03-26 07:27:16 - [TEST_CASE][PASSED] - Start Test Case : Verification: Verification accomplished successfully

2019-03-26 07:27:16 - [TEST_STEP][PASSED] - request = getInstance().getCurrentRequest(): null

2019-03-26 07:27:16 - [TEST_STEP][PASSED] - response = getInstance().getCurrentResponse(): null

2019-03-26 07:27:16 - [TEST_STEP][PASSED] - verifyElementPropertyValue(response, "data[1].first_name", "Charles"): Verify element property value successfully

2019-03-26 07:27:16 - [MESSAGE][PASSED] - Verify element property value successfully

2019-03-26 07:27:16 - [TEST_STEP][PASSED] - verifyResponseStatusCode(response, 200): Verify response status code successfully

2019-03-26 07:27:16 - [MESSAGE][PASSED] - Verify response status code successfully

2019-03-26 07:27:16 - [TEST_STEP][PASSED] - getStatusCode()).isEqualTo(200): null

2019-03-26 07:27:16 - [TEST_STEP][PASSED] - verifyElementPropertyValue(response, "data[2].id", 6): Verify element property value successfully

2019-03-26 07:27:16 - [MESSAGE][PASSED] - Verify element property value successfully

2019-03-26 07:27:16 - [MESSAGE][PASSED] - Verify response successfully

2019-03-26 07:27:16 - [MESSAGE][PASSED] - Send request and verify the response successfully

2019-03-26 07:27:16 - [TEST_STEP][PASSED] - sendRequestAndVerify(findTestObject("UserRestService/UpdateUser")): Send request and verify the response successfully

2019-03-26 07:27:17 - [TEST_CASE][PASSED] - Start Test Case : Verification: Verification accomplished successfully

2019-03-26 07:27:17 - [TEST_STEP][PASSED] - request = getInstance().getCurrentRequest(): null

2019-03-26 07:27:17 - [TEST_STEP][PASSED] - response = getInstance().getCurrentResponse(): null

2019-03-26 07:27:17 - [MESSAGE][PASSED] - Verify response successfully

2019-03-26 07:27:17 - [MESSAGE][PASSED] - Send request and verify the response successfully]]></system-out>
         <system-err><![CDATA[]]></system-err>
      </testcase>
      <testcase name="Test Cases/ListUsersTests" classname="Test Cases/ListUsersTests" status="PASSED">
         <system-out><![CDATA[2019-03-26 07:27:17 - [TEST_CASE][PASSED] - Test Cases/ListUsersTests: Test Cases/ListUsersTests

2019-03-26 07:27:17 - [TEST_STEP][PASSED] - sendRequest(findTestObject("UserRestService/ListUsers")): Send request successfully

2019-03-26 07:27:18 - [MESSAGE][INFO] - HAR: /Users/hlebshulhin/Katalon Studio/API Demo Project 1/Reports/A/20190326_072615/requests/main/1.har

2019-03-26 07:27:18 - [MESSAGE][PASSED] - Send request successfully

2019-03-26 07:27:18 - [TEST_STEP][PASSED] - response = sendRequestAndVerify(findTestObject("UserRestService/ListUsers")): Send request and verify the response successfully

2019-03-26 07:27:20 - [TEST_CASE][PASSED] - Start Test Case : Verification: Verification accomplished successfully

2019-03-26 07:27:20 - [TEST_STEP][PASSED] - request = getInstance().getCurrentRequest(): null

2019-03-26 07:27:20 - [TEST_STEP][PASSED] - response = getInstance().getCurrentResponse(): null

2019-03-26 07:27:20 - [TEST_STEP][PASSED] - verifyElementPropertyValue(response, "data[1].first_name", "Charles"): Verify element property value successfully

2019-03-26 07:27:20 - [MESSAGE][PASSED] - Verify element property value successfully

2019-03-26 07:27:20 - [TEST_STEP][PASSED] - verifyResponseStatusCode(response, 200): Verify response status code successfully

2019-03-26 07:27:20 - [MESSAGE][PASSED] - Verify response status code successfully

2019-03-26 07:27:20 - [TEST_STEP][PASSED] - getStatusCode()).isEqualTo(200): null

2019-03-26 07:27:20 - [TEST_STEP][PASSED] - verifyElementPropertyValue(response, "data[2].id", 6): Verify element property value successfully

2019-03-26 07:27:20 - [MESSAGE][PASSED] - Verify element property value successfully

2019-03-26 07:27:20 - [MESSAGE][PASSED] - Verify response successfully

2019-03-26 07:27:20 - [MESSAGE][PASSED] - Send request and verify the response successfully

2019-03-26 07:27:20 - [TEST_STEP][PASSED] - verifyElementPropertyValue(response, "data[1].first_name", "Charles"): Verify element property value successfully

2019-03-26 07:27:20 - [MESSAGE][PASSED] - Verify element property value successfully

2019-03-26 07:27:20 - [TEST_STEP][PASSED] - verifyElementPropertyValue(response, "data[2].id", 6): Verify element property value successfully

2019-03-26 07:27:20 - [MESSAGE][PASSED] - Verify element property value successfully]]></system-out>
         <system-err><![CDATA[]]></system-err>
      </testcase>
      <testcase name="Test Cases/CalculatorTests/Addition" classname="Test Cases/CalculatorTests/Addition" status="PASSED">
         <system-out><![CDATA[2019-03-26 07:27:20 - [TEST_CASE][PASSED] - Test Cases/CalculatorTests/Addition: Test Cases/CalculatorTests/Addition

2019-03-26 07:27:20 - [TEST_STEP][PASSED] - sendRequest(findTestObject("CalculatorSoapService/Addition")): Send request successfully

2019-03-26 07:27:21 - [MESSAGE][INFO] - HAR: /Users/hlebshulhin/Katalon Studio/API Demo Project 1/Reports/A/20190326_072615/requests/main/2.har

2019-03-26 07:27:21 - [MESSAGE][PASSED] - Send request successfully

2019-03-26 07:27:21 - [TEST_STEP][PASSED] - response = sendRequestAndVerify(findTestObject("CalculatorSoapService/Addition")): Send request and verify the response successfully

2019-03-26 07:27:23 - [TEST_CASE][PASSED] - Start Test Case : Verification: Verification accomplished successfully

2019-03-26 07:27:23 - [TEST_STEP][PASSED] - request = getInstance().getCurrentRequest(): null

2019-03-26 07:27:23 - [TEST_STEP][PASSED] - response = getInstance().getCurrentResponse(): null

2019-03-26 07:27:23 - [TEST_STEP][PASSED] - verifyResponseStatusCode(response, 200): Verify response status code successfully

2019-03-26 07:27:23 - [MESSAGE][PASSED] - Verify response status code successfully

2019-03-26 07:27:23 - [TEST_STEP][PASSED] - getStatusCode()).isEqualTo(200): null

2019-03-26 07:27:23 - [MESSAGE][PASSED] - Verify response successfully

2019-03-26 07:27:23 - [MESSAGE][PASSED] - Send request and verify the response successfully

2019-03-26 07:27:23 - [TEST_STEP][PASSED] - verifyElementPropertyValue(response, "AddResponse.AddResult", 6): Verify element property value successfully

2019-03-26 07:27:23 - [MESSAGE][PASSED] - Verify element property value successfully]]></system-out>
         <system-err><![CDATA[]]></system-err>
      </testcase>
      <system-out><![CDATA[2019-03-26 07:26:22 - [TEST_SUITE][PASSED] - A: Test Cases/CalculatorTests/Addition]]></system-out>
      <system-err><![CDATA[]]></system-err>
   </testsuite>
</testsuites>
