<?xml version="1.0" encoding="UTF-8"?>
<testsuites name="A" time="15" tests="5" failures="0" errors="0">
   <testsuite name="A" tests="5" failures="0" errors="0" time="15" timestamp="2019-03-25 17:54:01" hostname="hlebshulhin - 10.0.1.3" id="Test Suites/A">
      <properties>
         <property name="deviceName" value=""/>
         <property name="devicePlatform" value=""/>
         <property name="logFolder" value="/Users/hlebshulhin/Katalon Studio/API Demo Project 1/Reports/A/20190325_175354"/>
         <property name="logFiles" value="/Users/hlebshulhin/Katalon Studio/API Demo Project 1/Reports/A/20190325_175354/execution0.log"/>
         <property name="attachments" value=""/>
         <property name="hostName" value="hlebshulhin - 10.0.1.3"/>
         <property name="hostAddress" value="10.0.1.3"/>
         <property name="os" value="Mac OS X 64bit"/>
         <property name="katalonVersion" value="6.1.0.1"/>
      </properties>
      <testcase name="Test Cases/TestHTTPMethods" classname="Test Cases/TestHTTPMethods" status="PASSED">
         <system-out><![CDATA[2019-03-25 17:54:01 - [TEST_CASE][PASSED] - Test Cases/TestHTTPMethods: Test Cases/TestHTTPMethods

2019-03-25 17:54:02 - [TEST_STEP][PASSED] - sendRequestAndVerify(findTestObject("UserRestService/DeleteUser")): Send request and verify the response successfully

2019-03-25 17:54:05 - [TEST_CASE][PASSED] - Start Test Case : Verification: Verification accomplished successfully

2019-03-25 17:54:05 - [TEST_STEP][PASSED] - request = getInstance().getCurrentRequest(): null

2019-03-25 17:54:05 - [TEST_STEP][PASSED] - response = getInstance().getCurrentResponse(): null

2019-03-25 17:54:05 - [MESSAGE][PASSED] - Verify response successfully

2019-03-25 17:54:05 - [MESSAGE][PASSED] - Send request and verify the response successfully

2019-03-25 17:54:05 - [TEST_STEP][PASSED] - sendRequestAndVerify(findTestObject("UserRestService/CreateUser")): Send request and verify the response successfully

2019-03-25 17:54:06 - [TEST_CASE][PASSED] - Start Test Case : Verification: Verification accomplished successfully

2019-03-25 17:54:06 - [TEST_STEP][PASSED] - request = getInstance().getCurrentRequest(): null

2019-03-25 17:54:06 - [TEST_STEP][PASSED] - response = getInstance().getCurrentResponse(): null

2019-03-25 17:54:06 - [MESSAGE][PASSED] - Verify response successfully

2019-03-25 17:54:06 - [MESSAGE][PASSED] - Send request and verify the response successfully

2019-03-25 17:54:06 - [TEST_STEP][PASSED] - sendRequestAndVerify(findTestObject("UserRestService/ListUsers")): Send request and verify the response successfully

2019-03-25 17:54:07 - [TEST_CASE][PASSED] - Start Test Case : Verification: Verification accomplished successfully

2019-03-25 17:54:07 - [TEST_STEP][PASSED] - request = getInstance().getCurrentRequest(): null

2019-03-25 17:54:07 - [TEST_STEP][PASSED] - response = getInstance().getCurrentResponse(): null

2019-03-25 17:54:07 - [TEST_STEP][PASSED] - verifyElementPropertyValue(response, "data[1].first_name", "Charles"): Verify element property value successfully

2019-03-25 17:54:07 - [MESSAGE][PASSED] - Verify element property value successfully

2019-03-25 17:54:07 - [TEST_STEP][PASSED] - verifyResponseStatusCode(response, 200): Verify response status code successfully

2019-03-25 17:54:07 - [MESSAGE][PASSED] - Verify response status code successfully

2019-03-25 17:54:07 - [TEST_STEP][PASSED] - getStatusCode()).isEqualTo(200): null

2019-03-25 17:54:07 - [TEST_STEP][PASSED] - verifyElementPropertyValue(response, "data[2].id", 6): Verify element property value successfully

2019-03-25 17:54:07 - [MESSAGE][PASSED] - Verify element property value successfully

2019-03-25 17:54:07 - [MESSAGE][PASSED] - Verify response successfully

2019-03-25 17:54:07 - [MESSAGE][PASSED] - Send request and verify the response successfully

2019-03-25 17:54:07 - [TEST_STEP][PASSED] - sendRequestAndVerify(findTestObject("UserRestService/UpdateUser")): Send request and verify the response successfully

2019-03-25 17:54:08 - [TEST_CASE][PASSED] - Start Test Case : Verification: Verification accomplished successfully

2019-03-25 17:54:08 - [TEST_STEP][PASSED] - request = getInstance().getCurrentRequest(): null

2019-03-25 17:54:08 - [TEST_STEP][PASSED] - response = getInstance().getCurrentResponse(): null

2019-03-25 17:54:08 - [MESSAGE][PASSED] - Verify response successfully

2019-03-25 17:54:08 - [MESSAGE][PASSED] - Send request and verify the response successfully]]></system-out>
         <system-err><![CDATA[]]></system-err>
      </testcase>
      <testcase name="Test Cases/GetBankDetails" classname="Test Cases/GetBankDetails" status="PASSED">
         <system-out><![CDATA[2019-03-25 17:54:08 - [TEST_CASE][PASSED] - Test Cases/GetBankDetails: Test Cases/GetBankDetails

2019-03-25 17:54:08 - [TEST_STEP][PASSED] - sendRequest(findTestObject("SOAP/getBank")): Send request successfully

2019-03-25 17:54:08 - [MESSAGE][INFO] - HAR: /Users/hlebshulhin/Katalon Studio/API Demo Project 1/Reports/A/20190325_175354/requests/main/0.har

2019-03-25 17:54:09 - [MESSAGE][PASSED] - Send request successfully]]></system-out>
         <system-err><![CDATA[]]></system-err>
      </testcase>
      <testcase name="Test Cases/TestHTTPMethods" classname="Test Cases/TestHTTPMethods" status="PASSED">
         <system-out><![CDATA[2019-03-25 17:54:09 - [TEST_CASE][PASSED] - Test Cases/TestHTTPMethods: Test Cases/TestHTTPMethods

2019-03-25 17:54:09 - [TEST_STEP][PASSED] - sendRequestAndVerify(findTestObject("UserRestService/DeleteUser")): Send request and verify the response successfully

2019-03-25 17:54:10 - [TEST_CASE][PASSED] - Start Test Case : Verification: Verification accomplished successfully

2019-03-25 17:54:10 - [TEST_STEP][PASSED] - request = getInstance().getCurrentRequest(): null

2019-03-25 17:54:10 - [TEST_STEP][PASSED] - response = getInstance().getCurrentResponse(): null

2019-03-25 17:54:10 - [MESSAGE][PASSED] - Verify response successfully

2019-03-25 17:54:10 - [MESSAGE][PASSED] - Send request and verify the response successfully

2019-03-25 17:54:10 - [TEST_STEP][PASSED] - sendRequestAndVerify(findTestObject("UserRestService/CreateUser")): Send request and verify the response successfully

2019-03-25 17:54:10 - [TEST_CASE][PASSED] - Start Test Case : Verification: Verification accomplished successfully

2019-03-25 17:54:10 - [TEST_STEP][PASSED] - request = getInstance().getCurrentRequest(): null

2019-03-25 17:54:10 - [TEST_STEP][PASSED] - response = getInstance().getCurrentResponse(): null

2019-03-25 17:54:10 - [MESSAGE][PASSED] - Verify response successfully

2019-03-25 17:54:10 - [MESSAGE][PASSED] - Send request and verify the response successfully

2019-03-25 17:54:10 - [TEST_STEP][PASSED] - sendRequestAndVerify(findTestObject("UserRestService/ListUsers")): Send request and verify the response successfully

2019-03-25 17:54:11 - [TEST_CASE][PASSED] - Start Test Case : Verification: Verification accomplished successfully

2019-03-25 17:54:11 - [TEST_STEP][PASSED] - request = getInstance().getCurrentRequest(): null

2019-03-25 17:54:11 - [TEST_STEP][PASSED] - response = getInstance().getCurrentResponse(): null

2019-03-25 17:54:11 - [TEST_STEP][PASSED] - verifyElementPropertyValue(response, "data[1].first_name", "Charles"): Verify element property value successfully

2019-03-25 17:54:11 - [MESSAGE][PASSED] - Verify element property value successfully

2019-03-25 17:54:11 - [TEST_STEP][PASSED] - verifyResponseStatusCode(response, 200): Verify response status code successfully

2019-03-25 17:54:11 - [MESSAGE][PASSED] - Verify response status code successfully

2019-03-25 17:54:11 - [TEST_STEP][PASSED] - getStatusCode()).isEqualTo(200): null

2019-03-25 17:54:11 - [TEST_STEP][PASSED] - verifyElementPropertyValue(response, "data[2].id", 6): Verify element property value successfully

2019-03-25 17:54:11 - [MESSAGE][PASSED] - Verify element property value successfully

2019-03-25 17:54:11 - [MESSAGE][PASSED] - Verify response successfully

2019-03-25 17:54:11 - [MESSAGE][PASSED] - Send request and verify the response successfully

2019-03-25 17:54:11 - [TEST_STEP][PASSED] - sendRequestAndVerify(findTestObject("UserRestService/UpdateUser")): Send request and verify the response successfully

2019-03-25 17:54:11 - [TEST_CASE][PASSED] - Start Test Case : Verification: Verification accomplished successfully

2019-03-25 17:54:11 - [TEST_STEP][PASSED] - request = getInstance().getCurrentRequest(): null

2019-03-25 17:54:11 - [TEST_STEP][PASSED] - response = getInstance().getCurrentResponse(): null

2019-03-25 17:54:11 - [MESSAGE][PASSED] - Verify response successfully

2019-03-25 17:54:11 - [MESSAGE][PASSED] - Send request and verify the response successfully]]></system-out>
         <system-err><![CDATA[]]></system-err>
      </testcase>
      <testcase name="Test Cases/ListUsersTests" classname="Test Cases/ListUsersTests" status="PASSED">
         <system-out><![CDATA[2019-03-25 17:54:11 - [TEST_CASE][PASSED] - Test Cases/ListUsersTests: Test Cases/ListUsersTests

2019-03-25 17:54:11 - [TEST_STEP][PASSED] - sendRequest(findTestObject("UserRestService/ListUsers")): Send request successfully

2019-03-25 17:54:12 - [MESSAGE][INFO] - HAR: /Users/hlebshulhin/Katalon Studio/API Demo Project 1/Reports/A/20190325_175354/requests/main/1.har

2019-03-25 17:54:12 - [MESSAGE][PASSED] - Send request successfully

2019-03-25 17:54:12 - [TEST_STEP][PASSED] - response = sendRequestAndVerify(findTestObject("UserRestService/ListUsers")): Send request and verify the response successfully

2019-03-25 17:54:13 - [TEST_CASE][PASSED] - Start Test Case : Verification: Verification accomplished successfully

2019-03-25 17:54:13 - [TEST_STEP][PASSED] - request = getInstance().getCurrentRequest(): null

2019-03-25 17:54:13 - [TEST_STEP][PASSED] - response = getInstance().getCurrentResponse(): null

2019-03-25 17:54:13 - [TEST_STEP][PASSED] - verifyElementPropertyValue(response, "data[1].first_name", "Charles"): Verify element property value successfully

2019-03-25 17:54:13 - [MESSAGE][PASSED] - Verify element property value successfully

2019-03-25 17:54:13 - [TEST_STEP][PASSED] - verifyResponseStatusCode(response, 200): Verify response status code successfully

2019-03-25 17:54:13 - [MESSAGE][PASSED] - Verify response status code successfully

2019-03-25 17:54:13 - [TEST_STEP][PASSED] - getStatusCode()).isEqualTo(200): null

2019-03-25 17:54:13 - [TEST_STEP][PASSED] - verifyElementPropertyValue(response, "data[2].id", 6): Verify element property value successfully

2019-03-25 17:54:13 - [MESSAGE][PASSED] - Verify element property value successfully

2019-03-25 17:54:13 - [MESSAGE][PASSED] - Verify response successfully

2019-03-25 17:54:13 - [MESSAGE][PASSED] - Send request and verify the response successfully

2019-03-25 17:54:13 - [TEST_STEP][PASSED] - verifyElementPropertyValue(response, "data[1].first_name", "Charles"): Verify element property value successfully

2019-03-25 17:54:13 - [MESSAGE][PASSED] - Verify element property value successfully

2019-03-25 17:54:13 - [TEST_STEP][PASSED] - verifyElementPropertyValue(response, "data[2].id", 6): Verify element property value successfully

2019-03-25 17:54:13 - [MESSAGE][PASSED] - Verify element property value successfully]]></system-out>
         <system-err><![CDATA[]]></system-err>
      </testcase>
      <testcase name="Test Cases/CalculatorTests/Addition" classname="Test Cases/CalculatorTests/Addition" status="PASSED">
         <system-out><![CDATA[2019-03-25 17:54:13 - [TEST_CASE][PASSED] - Test Cases/CalculatorTests/Addition: Test Cases/CalculatorTests/Addition

2019-03-25 17:54:13 - [TEST_STEP][PASSED] - sendRequest(findTestObject("CalculatorSoapService/Addition")): Send request successfully

2019-03-25 17:54:15 - [MESSAGE][INFO] - HAR: /Users/hlebshulhin/Katalon Studio/API Demo Project 1/Reports/A/20190325_175354/requests/main/2.har

2019-03-25 17:54:15 - [MESSAGE][PASSED] - Send request successfully

2019-03-25 17:54:15 - [TEST_STEP][PASSED] - response = sendRequestAndVerify(findTestObject("CalculatorSoapService/Addition")): Send request and verify the response successfully

2019-03-25 17:54:16 - [TEST_CASE][PASSED] - Start Test Case : Verification: Verification accomplished successfully

2019-03-25 17:54:16 - [TEST_STEP][PASSED] - request = getInstance().getCurrentRequest(): null

2019-03-25 17:54:16 - [TEST_STEP][PASSED] - response = getInstance().getCurrentResponse(): null

2019-03-25 17:54:16 - [TEST_STEP][PASSED] - verifyResponseStatusCode(response, 200): Verify response status code successfully

2019-03-25 17:54:16 - [MESSAGE][PASSED] - Verify response status code successfully

2019-03-25 17:54:16 - [TEST_STEP][PASSED] - getStatusCode()).isEqualTo(200): null

2019-03-25 17:54:16 - [MESSAGE][PASSED] - Verify response successfully

2019-03-25 17:54:16 - [MESSAGE][PASSED] - Send request and verify the response successfully

2019-03-25 17:54:16 - [TEST_STEP][PASSED] - verifyElementPropertyValue(response, "AddResponse.AddResult", 6): Verify element property value successfully

2019-03-25 17:54:16 - [MESSAGE][PASSED] - Verify element property value successfully]]></system-out>
         <system-err><![CDATA[]]></system-err>
      </testcase>
      <system-out><![CDATA[2019-03-25 17:54:01 - [TEST_SUITE][PASSED] - A: Test Cases/CalculatorTests/Addition]]></system-out>
      <system-err><![CDATA[]]></system-err>
   </testsuite>
</testsuites>
